e:\qt学习\实习学习\实习项目\gen\gen\x64\debug\vc140.pdb
e:\qt学习\实习学习\实习项目\gen\gen\x64\debug\qrc_gen.obj
e:\qt学习\实习学习\实习项目\gen\gen\x64\debug\main.obj
e:\qt学习\实习学习\实习项目\gen\gen\x64\debug\moc_gen.obj
e:\qt学习\实习学习\实习项目\gen\gen\x64\debug\gen.obj
e:\qt学习\实习学习\实习项目\gen\gen\generatedfiles\ui_gen.h
e:\qt学习\实习学习\实习项目\gen\gen\generatedfiles\qrc_gen.cpp
e:\qt学习\实习学习\实习项目\gen\gen\generatedfiles\debug\moc_gen.cpp
e:\qt学习\实习学习\实习项目\gen\x64\debug\gen.ilk
e:\qt学习\实习学习\实习项目\gen\x64\debug\gen.exe
e:\qt学习\实习学习\实习项目\gen\x64\debug\gen.pdb
c:\users\lincheng\desktop\qt\进度条成功版\gen\gen\x64\debug\gen.obj
c:\users\lincheng\desktop\qt\进度条成功版\gen\gen\x64\debug\main.obj
c:\users\lincheng\desktop\qt\进度条成功版\gen\gen\x64\debug\moc_gen.obj
c:\users\lincheng\desktop\qt\进度条成功版\gen\gen\x64\debug\qrc_gen.obj
c:\users\lincheng\desktop\qt\进度条成功版\gen\gen\x64\debug\vc140.pdb
c:\users\lincheng\desktop\qt\进度条成功版\gen\x64\debug\gen.pdb
c:\users\lincheng\desktop\qt\进度条成功版\gen\x64\debug\gen.exe
c:\users\lincheng\desktop\qt\进度条成功版\gen\x64\debug\gen.ilk
c:\users\lincheng\desktop\qt\进度条成功版\gen\gen\x64\debug\gen.tlog\cl.command.1.tlog
c:\users\lincheng\desktop\qt\进度条成功版\gen\gen\x64\debug\gen.tlog\cl.read.1.tlog
c:\users\lincheng\desktop\qt\进度条成功版\gen\gen\x64\debug\gen.tlog\cl.write.1.tlog
c:\users\lincheng\desktop\qt\进度条成功版\gen\gen\x64\debug\gen.tlog\custombuild.command.1.tlog
c:\users\lincheng\desktop\qt\进度条成功版\gen\gen\x64\debug\gen.tlog\custombuild.read.1.tlog
c:\users\lincheng\desktop\qt\进度条成功版\gen\gen\x64\debug\gen.tlog\custombuild.write.1.tlog
c:\users\lincheng\desktop\qt\进度条成功版\gen\gen\x64\debug\gen.tlog\link.command.1.tlog
c:\users\lincheng\desktop\qt\进度条成功版\gen\gen\x64\debug\gen.tlog\link.read.1.tlog
c:\users\lincheng\desktop\qt\进度条成功版\gen\gen\x64\debug\gen.tlog\link.write.1.tlog
